2013/04/20 06:19:54 [error] [php] date(): It is not safe to rely on the system's timezone settings. You are *required* to use the date.timezone setting or the date_default_timezone_set() function. In case you used any of those methods and you are still getting this warning, you most likely misspelled the timezone identifier. We selected 'Asia/Jakarta' for 'WIT/7.0/no DST' instead (/Users/hsrkom/htdocs/iwebisyii/protected/views/layouts/main.php:51)
Stack trace:
#0 /Users/hsrkom/htdocs/yii-113/framework/web/CBaseController.php(95): SiteController->renderInternal()
#1 /Users/hsrkom/htdocs/yii-113/framework/web/widgets/CContentDecorator.php(76): SiteController->renderFile()
#2 /Users/hsrkom/htdocs/yii-113/framework/web/widgets/CContentDecorator.php(54): CContentDecorator->decorate()
#3 /Users/hsrkom/htdocs/yii-113/framework/web/widgets/COutputProcessor.php(44): CContentDecorator->processOutput()
#4 /Users/hsrkom/htdocs/yii-113/framework/web/CBaseController.php(206): CContentDecorator->run()
#5 /Users/hsrkom/htdocs/yii-113/framework/web/CBaseController.php(300): SiteController->endWidget()
#6 /Users/hsrkom/htdocs/iwebisyii/protected/views/layouts/column1.php(6): SiteController->endContent()
#7 /Users/hsrkom/htdocs/yii-113/framework/web/CBaseController.php(126): require()
#8 /Users/hsrkom/htdocs/yii-113/framework/web/CBaseController.php(95): SiteController->renderInternal()
#9 /Users/hsrkom/htdocs/yii-113/framework/web/CController.php(784): SiteController->renderFile()
#10 /Users/hsrkom/htdocs/iwebisyii/protected/controllers/SiteController.php(32): SiteController->render()
#11 /Users/hsrkom/htdocs/yii-113/framework/web/actions/CInlineAction.php(49): SiteController->actionIndex()
#12 /Users/hsrkom/htdocs/yii-113/framework/web/CController.php(308): CInlineAction->runWithParams()
#13 /Users/hsrkom/htdocs/yii-113/framework/web/CController.php(286): SiteController->runAction()
#14 /Users/hsrkom/htdocs/yii-113/framework/web/CController.php(265): SiteController->runActionWithFilters()
#15 /Users/hsrkom/htdocs/yii-113/framework/web/CWebApplication.php(282): SiteController->run()
#16 /Users/hsrkom/htdocs/yii-113/framework/web/CWebApplication.php(141): CWebApplication->runController()
#17 /Users/hsrkom/htdocs/yii-113/framework/base/CApplication.php(169): CWebApplication->processRequest()
#18 /Users/hsrkom/htdocs/iwebisyii/index.php(13): CWebApplication->run()
REQUEST_URI=/www/iwebisyii/
in /Users/hsrkom/htdocs/iwebisyii/protected/views/layouts/main.php (51)
in /Users/hsrkom/htdocs/iwebisyii/protected/views/layouts/column1.php (6)
in /Users/hsrkom/htdocs/iwebisyii/protected/controllers/SiteController.php (32)
2013/04/20 06:22:39 [error] [php] date(): It is not safe to rely on the system's timezone settings. You are *required* to use the date.timezone setting or the date_default_timezone_set() function. In case you used any of those methods and you are still getting this warning, you most likely misspelled the timezone identifier. We selected 'Asia/Jakarta' for 'WIT/7.0/no DST' instead (/Users/hsrkom/htdocs/iwebisyii/protected/views/layouts/main.php:51)
Stack trace:
#0 /Users/hsrkom/htdocs/yii-113/framework/web/CBaseController.php(95): SiteController->renderInternal()
#1 /Users/hsrkom/htdocs/yii-113/framework/web/widgets/CContentDecorator.php(76): SiteController->renderFile()
#2 /Users/hsrkom/htdocs/yii-113/framework/web/widgets/CContentDecorator.php(54): CContentDecorator->decorate()
#3 /Users/hsrkom/htdocs/yii-113/framework/web/widgets/COutputProcessor.php(44): CContentDecorator->processOutput()
#4 /Users/hsrkom/htdocs/yii-113/framework/web/CBaseController.php(206): CContentDecorator->run()
#5 /Users/hsrkom/htdocs/yii-113/framework/web/CBaseController.php(300): SiteController->endWidget()
#6 /Users/hsrkom/htdocs/iwebisyii/protected/views/layouts/column1.php(6): SiteController->endContent()
#7 /Users/hsrkom/htdocs/yii-113/framework/web/CBaseController.php(126): require()
#8 /Users/hsrkom/htdocs/yii-113/framework/web/CBaseController.php(95): SiteController->renderInternal()
#9 /Users/hsrkom/htdocs/yii-113/framework/web/CController.php(784): SiteController->renderFile()
#10 /Users/hsrkom/htdocs/iwebisyii/protected/controllers/SiteController.php(32): SiteController->render()
#11 /Users/hsrkom/htdocs/yii-113/framework/web/actions/CInlineAction.php(49): SiteController->actionIndex()
#12 /Users/hsrkom/htdocs/yii-113/framework/web/CController.php(308): CInlineAction->runWithParams()
#13 /Users/hsrkom/htdocs/yii-113/framework/web/CController.php(286): SiteController->runAction()
#14 /Users/hsrkom/htdocs/yii-113/framework/web/CController.php(265): SiteController->runActionWithFilters()
#15 /Users/hsrkom/htdocs/yii-113/framework/web/CWebApplication.php(282): SiteController->run()
#16 /Users/hsrkom/htdocs/yii-113/framework/web/CWebApplication.php(141): CWebApplication->runController()
#17 /Users/hsrkom/htdocs/yii-113/framework/base/CApplication.php(169): CWebApplication->processRequest()
#18 /Users/hsrkom/htdocs/iwebisyii/index.php(13): CWebApplication->run()
REQUEST_URI=/www/iwebisyii/
in /Users/hsrkom/htdocs/iwebisyii/protected/views/layouts/main.php (51)
in /Users/hsrkom/htdocs/iwebisyii/protected/views/layouts/column1.php (6)
in /Users/hsrkom/htdocs/iwebisyii/protected/controllers/SiteController.php (32)
2013/04/20 06:22:45 [error] [php] date(): It is not safe to rely on the system's timezone settings. You are *required* to use the date.timezone setting or the date_default_timezone_set() function. In case you used any of those methods and you are still getting this warning, you most likely misspelled the timezone identifier. We selected 'Asia/Jakarta' for 'WIT/7.0/no DST' instead (/Users/hsrkom/htdocs/iwebisyii/protected/views/layouts/main.php:51)
Stack trace:
#0 /Users/hsrkom/htdocs/yii-113/framework/web/CBaseController.php(95): SiteController->renderInternal()
#1 /Users/hsrkom/htdocs/yii-113/framework/web/widgets/CContentDecorator.php(76): SiteController->renderFile()
#2 /Users/hsrkom/htdocs/yii-113/framework/web/widgets/CContentDecorator.php(54): CContentDecorator->decorate()
#3 /Users/hsrkom/htdocs/yii-113/framework/web/widgets/COutputProcessor.php(44): CContentDecorator->processOutput()
#4 /Users/hsrkom/htdocs/yii-113/framework/web/CBaseController.php(206): CContentDecorator->run()
#5 /Users/hsrkom/htdocs/yii-113/framework/web/CBaseController.php(300): SiteController->endWidget()
#6 /Users/hsrkom/htdocs/iwebisyii/protected/views/layouts/column1.php(6): SiteController->endContent()
#7 /Users/hsrkom/htdocs/yii-113/framework/web/CBaseController.php(126): require()
#8 /Users/hsrkom/htdocs/yii-113/framework/web/CBaseController.php(95): SiteController->renderInternal()
#9 /Users/hsrkom/htdocs/yii-113/framework/web/CController.php(784): SiteController->renderFile()
#10 /Users/hsrkom/htdocs/iwebisyii/protected/controllers/SiteController.php(32): SiteController->render()
#11 /Users/hsrkom/htdocs/yii-113/framework/web/actions/CInlineAction.php(49): SiteController->actionIndex()
#12 /Users/hsrkom/htdocs/yii-113/framework/web/CController.php(308): CInlineAction->runWithParams()
#13 /Users/hsrkom/htdocs/yii-113/framework/web/CController.php(286): SiteController->runAction()
#14 /Users/hsrkom/htdocs/yii-113/framework/web/CController.php(265): SiteController->runActionWithFilters()
#15 /Users/hsrkom/htdocs/yii-113/framework/web/CWebApplication.php(282): SiteController->run()
#16 /Users/hsrkom/htdocs/yii-113/framework/web/CWebApplication.php(141): CWebApplication->runController()
#17 /Users/hsrkom/htdocs/yii-113/framework/base/CApplication.php(169): CWebApplication->processRequest()
#18 /Users/hsrkom/htdocs/iwebisyii/index.php(13): CWebApplication->run()
REQUEST_URI=/www/iwebisyii/
in /Users/hsrkom/htdocs/iwebisyii/protected/views/layouts/main.php (51)
in /Users/hsrkom/htdocs/iwebisyii/protected/views/layouts/column1.php (6)
in /Users/hsrkom/htdocs/iwebisyii/protected/controllers/SiteController.php (32)
2013/04/21 06:44:29 [error] [php] date(): It is not safe to rely on the system's timezone settings. You are *required* to use the date.timezone setting or the date_default_timezone_set() function. In case you used any of those methods and you are still getting this warning, you most likely misspelled the timezone identifier. We selected 'Asia/Jakarta' for 'WIT/7.0/no DST' instead (/Users/hsrkom/htdocs/iwebisyii/protected/views/layouts/main.php:51)
Stack trace:
#0 /Users/hsrkom/htdocs/yii-113/framework/web/CBaseController.php(95): SiteController->renderInternal()
#1 /Users/hsrkom/htdocs/yii-113/framework/web/widgets/CContentDecorator.php(76): SiteController->renderFile()
#2 /Users/hsrkom/htdocs/yii-113/framework/web/widgets/CContentDecorator.php(54): CContentDecorator->decorate()
#3 /Users/hsrkom/htdocs/yii-113/framework/web/widgets/COutputProcessor.php(44): CContentDecorator->processOutput()
#4 /Users/hsrkom/htdocs/yii-113/framework/web/CBaseController.php(206): CContentDecorator->run()
#5 /Users/hsrkom/htdocs/yii-113/framework/web/CBaseController.php(300): SiteController->endWidget()
#6 /Users/hsrkom/htdocs/iwebisyii/protected/views/layouts/column1.php(6): SiteController->endContent()
#7 /Users/hsrkom/htdocs/yii-113/framework/web/CBaseController.php(126): require()
#8 /Users/hsrkom/htdocs/yii-113/framework/web/CBaseController.php(95): SiteController->renderInternal()
#9 /Users/hsrkom/htdocs/yii-113/framework/web/CController.php(784): SiteController->renderFile()
#10 /Users/hsrkom/htdocs/iwebisyii/protected/controllers/SiteController.php(32): SiteController->render()
#11 /Users/hsrkom/htdocs/yii-113/framework/web/actions/CInlineAction.php(49): SiteController->actionIndex()
#12 /Users/hsrkom/htdocs/yii-113/framework/web/CController.php(308): CInlineAction->runWithParams()
#13 /Users/hsrkom/htdocs/yii-113/framework/web/CController.php(286): SiteController->runAction()
#14 /Users/hsrkom/htdocs/yii-113/framework/web/CController.php(265): SiteController->runActionWithFilters()
#15 /Users/hsrkom/htdocs/yii-113/framework/web/CWebApplication.php(282): SiteController->run()
#16 /Users/hsrkom/htdocs/yii-113/framework/web/CWebApplication.php(141): CWebApplication->runController()
#17 /Users/hsrkom/htdocs/yii-113/framework/base/CApplication.php(169): CWebApplication->processRequest()
#18 /Users/hsrkom/htdocs/iwebisyii/index.php(13): CWebApplication->run()
REQUEST_URI=/www/iwebisyii/
in /Users/hsrkom/htdocs/iwebisyii/protected/views/layouts/main.php (51)
in /Users/hsrkom/htdocs/iwebisyii/protected/views/layouts/column1.php (6)
in /Users/hsrkom/htdocs/iwebisyii/protected/controllers/SiteController.php (32)
2013/04/21 11:37:46 [error] [php] date(): It is not safe to rely on the system's timezone settings. You are *required* to use the date.timezone setting or the date_default_timezone_set() function. In case you used any of those methods and you are still getting this warning, you most likely misspelled the timezone identifier. We selected 'Asia/Jakarta' for 'WIT/7.0/no DST' instead (/Users/hsrkom/htdocs/iwebisyii/protected/views/layouts/main.php:51)
Stack trace:
#0 /Users/hsrkom/htdocs/yii-113/framework/web/CBaseController.php(95): SiteController->renderInternal()
#1 /Users/hsrkom/htdocs/yii-113/framework/web/widgets/CContentDecorator.php(76): SiteController->renderFile()
#2 /Users/hsrkom/htdocs/yii-113/framework/web/widgets/CContentDecorator.php(54): CContentDecorator->decorate()
#3 /Users/hsrkom/htdocs/yii-113/framework/web/widgets/COutputProcessor.php(44): CContentDecorator->processOutput()
#4 /Users/hsrkom/htdocs/yii-113/framework/web/CBaseController.php(206): CContentDecorator->run()
#5 /Users/hsrkom/htdocs/yii-113/framework/web/CBaseController.php(300): SiteController->endWidget()
#6 /Users/hsrkom/htdocs/iwebisyii/protected/views/layouts/column1.php(6): SiteController->endContent()
#7 /Users/hsrkom/htdocs/yii-113/framework/web/CBaseController.php(126): require()
#8 /Users/hsrkom/htdocs/yii-113/framework/web/CBaseController.php(95): SiteController->renderInternal()
#9 /Users/hsrkom/htdocs/yii-113/framework/web/CController.php(784): SiteController->renderFile()
#10 /Users/hsrkom/htdocs/iwebisyii/protected/controllers/SiteController.php(32): SiteController->render()
#11 /Users/hsrkom/htdocs/yii-113/framework/web/actions/CInlineAction.php(49): SiteController->actionIndex()
#12 /Users/hsrkom/htdocs/yii-113/framework/web/CController.php(308): CInlineAction->runWithParams()
#13 /Users/hsrkom/htdocs/yii-113/framework/web/CController.php(286): SiteController->runAction()
#14 /Users/hsrkom/htdocs/yii-113/framework/web/CController.php(265): SiteController->runActionWithFilters()
#15 /Users/hsrkom/htdocs/yii-113/framework/web/CWebApplication.php(282): SiteController->run()
#16 /Users/hsrkom/htdocs/yii-113/framework/web/CWebApplication.php(141): CWebApplication->runController()
#17 /Users/hsrkom/htdocs/yii-113/framework/base/CApplication.php(169): CWebApplication->processRequest()
#18 /Users/hsrkom/htdocs/iwebisyii/index.php(13): CWebApplication->run()
REQUEST_URI=/www/iwebisyii/
in /Users/hsrkom/htdocs/iwebisyii/protected/views/layouts/main.php (51)
in /Users/hsrkom/htdocs/iwebisyii/protected/views/layouts/column1.php (6)
in /Users/hsrkom/htdocs/iwebisyii/protected/controllers/SiteController.php (32)
2013/04/21 11:43:59 [error] [php] date(): It is not safe to rely on the system's timezone settings. You are *required* to use the date.timezone setting or the date_default_timezone_set() function. In case you used any of those methods and you are still getting this warning, you most likely misspelled the timezone identifier. We selected 'Asia/Jakarta' for 'WIT/7.0/no DST' instead (/Users/hsrkom/htdocs/iwebisyii/protected/views/layouts/main.php:51)
Stack trace:
#0 /Users/hsrkom/htdocs/yii-113/framework/web/CBaseController.php(95): SiteController->renderInternal()
#1 /Users/hsrkom/htdocs/yii-113/framework/web/widgets/CContentDecorator.php(76): SiteController->renderFile()
#2 /Users/hsrkom/htdocs/yii-113/framework/web/widgets/CContentDecorator.php(54): CContentDecorator->decorate()
#3 /Users/hsrkom/htdocs/yii-113/framework/web/widgets/COutputProcessor.php(44): CContentDecorator->processOutput()
#4 /Users/hsrkom/htdocs/yii-113/framework/web/CBaseController.php(206): CContentDecorator->run()
#5 /Users/hsrkom/htdocs/yii-113/framework/web/CBaseController.php(300): SiteController->endWidget()
#6 /Users/hsrkom/htdocs/iwebisyii/protected/views/layouts/column1.php(6): SiteController->endContent()
#7 /Users/hsrkom/htdocs/yii-113/framework/web/CBaseController.php(126): require()
#8 /Users/hsrkom/htdocs/yii-113/framework/web/CBaseController.php(95): SiteController->renderInternal()
#9 /Users/hsrkom/htdocs/yii-113/framework/web/CController.php(784): SiteController->renderFile()
#10 /Users/hsrkom/htdocs/iwebisyii/protected/controllers/SiteController.php(32): SiteController->render()
#11 /Users/hsrkom/htdocs/yii-113/framework/web/actions/CInlineAction.php(49): SiteController->actionIndex()
#12 /Users/hsrkom/htdocs/yii-113/framework/web/CController.php(308): CInlineAction->runWithParams()
#13 /Users/hsrkom/htdocs/yii-113/framework/web/CController.php(286): SiteController->runAction()
#14 /Users/hsrkom/htdocs/yii-113/framework/web/CController.php(265): SiteController->runActionWithFilters()
#15 /Users/hsrkom/htdocs/yii-113/framework/web/CWebApplication.php(282): SiteController->run()
#16 /Users/hsrkom/htdocs/yii-113/framework/web/CWebApplication.php(141): CWebApplication->runController()
#17 /Users/hsrkom/htdocs/yii-113/framework/base/CApplication.php(169): CWebApplication->processRequest()
#18 /Users/hsrkom/htdocs/iwebisyii/index.php(13): CWebApplication->run()
REQUEST_URI=/www/iwebisyii/
in /Users/hsrkom/htdocs/iwebisyii/protected/views/layouts/main.php (51)
in /Users/hsrkom/htdocs/iwebisyii/protected/views/layouts/column1.php (6)
in /Users/hsrkom/htdocs/iwebisyii/protected/controllers/SiteController.php (32)
2013/04/21 12:17:17 [error] [php] date(): It is not safe to rely on the system's timezone settings. You are *required* to use the date.timezone setting or the date_default_timezone_set() function. In case you used any of those methods and you are still getting this warning, you most likely misspelled the timezone identifier. We selected 'Asia/Jakarta' for 'WIT/7.0/no DST' instead (/Users/hsrkom/htdocs/iwebisyii/protected/views/layouts/main.php:51)
Stack trace:
#0 /Users/hsrkom/htdocs/yii-113/framework/web/CBaseController.php(95): SiteController->renderInternal()
#1 /Users/hsrkom/htdocs/yii-113/framework/web/widgets/CContentDecorator.php(76): SiteController->renderFile()
#2 /Users/hsrkom/htdocs/yii-113/framework/web/widgets/CContentDecorator.php(54): CContentDecorator->decorate()
#3 /Users/hsrkom/htdocs/yii-113/framework/web/widgets/COutputProcessor.php(44): CContentDecorator->processOutput()
#4 /Users/hsrkom/htdocs/yii-113/framework/web/CBaseController.php(206): CContentDecorator->run()
#5 /Users/hsrkom/htdocs/yii-113/framework/web/CBaseController.php(300): SiteController->endWidget()
#6 /Users/hsrkom/htdocs/iwebisyii/protected/views/layouts/column1.php(6): SiteController->endContent()
#7 /Users/hsrkom/htdocs/yii-113/framework/web/CBaseController.php(126): require()
#8 /Users/hsrkom/htdocs/yii-113/framework/web/CBaseController.php(95): SiteController->renderInternal()
#9 /Users/hsrkom/htdocs/yii-113/framework/web/CController.php(784): SiteController->renderFile()
#10 /Users/hsrkom/htdocs/iwebisyii/protected/controllers/SiteController.php(32): SiteController->render()
#11 /Users/hsrkom/htdocs/yii-113/framework/web/actions/CInlineAction.php(49): SiteController->actionIndex()
#12 /Users/hsrkom/htdocs/yii-113/framework/web/CController.php(308): CInlineAction->runWithParams()
#13 /Users/hsrkom/htdocs/yii-113/framework/web/CController.php(286): SiteController->runAction()
#14 /Users/hsrkom/htdocs/yii-113/framework/web/CController.php(265): SiteController->runActionWithFilters()
#15 /Users/hsrkom/htdocs/yii-113/framework/web/CWebApplication.php(282): SiteController->run()
#16 /Users/hsrkom/htdocs/yii-113/framework/web/CWebApplication.php(141): CWebApplication->runController()
#17 /Users/hsrkom/htdocs/yii-113/framework/base/CApplication.php(169): CWebApplication->processRequest()
#18 /Users/hsrkom/htdocs/iwebisyii/index.php(13): CWebApplication->run()
REQUEST_URI=/www/iwebisyii/
in /Users/hsrkom/htdocs/iwebisyii/protected/views/layouts/main.php (51)
in /Users/hsrkom/htdocs/iwebisyii/protected/views/layouts/column1.php (6)
in /Users/hsrkom/htdocs/iwebisyii/protected/controllers/SiteController.php (32)
